# JRE version: OpenJDK Runtime Environment (17.0.6) (build 17.0.6+0-b2043.56-10027231)
# Java VM: OpenJDK 64-Bit Server VM (17.0.6+0-b2043.56-10027231, mixed mode, tiered, compressed oops, compressed class ptrs, g1 gc, windows-amd64)
GC Precious Log:
 CPUs: 12 total, 12 available
 Memory: 8037M
 Large Page Support: Disabled
 NUMA Support: Disabled
 Compressed Oops: Enabled (32-bit)
 Heap Region Size: 1M
 Heap Min Capacity: 8M
 Heap Initial Capacity: 126M
 Heap Max Capacity: 2G
 Pre-touch: Disabled
 Parallel Workers: 10
 Concurrent Workers: 3
 Concurrent Refinement Workers: 10
 Periodic GC: Disabled
Heap:
 garbage-first heap   total 291840K, used 202310K [0x0000000080000000, 0x0000000100000000)
  region size 1024K, 20 young (20480K), 5 survivors (5120K)
 Metaspace       used 92487K, committed 93248K, reserved 1130496K
  class space    used 12757K, committed 13120K, reserved 1048576K
GC Heap History (20 events):
Event: 15.514 GC heap before
{Heap before GC invocations=36 (full 0):
 garbage-first heap   total 191488K, used 154953K [0x0000000080000000, 0x0000000100000000)
  region size 1024K, 55 young (56320K), 7 survivors (7168K)
 Metaspace       used 85347K, committed 86080K, reserved 1130496K
  class space    used 11703K, committed 12032K, reserved 1048576K
}
Event: 15.519 GC heap after
{Heap after GC invocations=37 (full 0):
 garbage-first heap   total 191488K, used 107495K [0x0000000080000000, 0x0000000100000000)
  region size 1024K, 6 young (6144K), 6 survivors (6144K)
 Metaspace       used 85347K, committed 86080K, reserved 1130496K
  class space    used 11703K, committed 12032K, reserved 1048576K
}
Event: 15.549 GC heap before
{Heap before GC invocations=37 (full 0):
 garbage-first heap   total 191488K, used 110567K [0x0000000080000000, 0x0000000100000000)
  region size 1024K, 9 young (9216K), 6 survivors (6144K)
 Metaspace       used 85666K, committed 86400K, reserved 1130496K
  class space    used 11753K, committed 12096K, reserved 1048576K
}
Event: 15.553 GC heap after
{Heap after GC invocations=38 (full 0):
 garbage-first heap   total 191488K, used 107903K [0x0000000080000000, 0x0000000100000000)
  region size 1024K, 1 young (1024K), 1 survivors (1024K)
 Metaspace       used 85666K, committed 86400K, reserved 1130496K
  class space    used 11753K, committed 12096K, reserved 1048576K
}
Event: 16.240 GC heap before
{Heap before GC invocations=38 (full 0):
 garbage-first heap   total 191488K, used 178559K [0x0000000080000000, 0x0000000100000000)
  region size 1024K, 49 young (50176K), 1 survivors (1024K)
 Metaspace       used 90988K, committed 91776K, reserved 1130496K
  class space    used 12558K, committed 12928K, reserved 1048576K
}
Event: 16.246 GC heap after
{Heap after GC invocations=39 (full 0):
 garbage-first heap   total 191488K, used 137408K [0x0000000080000000, 0x0000000100000000)
  region size 1024K, 7 young (7168K), 7 survivors (7168K)
 Metaspace       used 90988K, committed 91776K, reserved 1130496K
  class space    used 12558K, committed 12928K, reserved 1048576K
}
Event: 16.406 GC heap before
{Heap before GC invocations=39 (full 0):
 garbage-first heap   total 191488K, used 161984K [0x0000000080000000, 0x0000000100000000)
  region size 1024K, 32 young (32768K), 7 survivors (7168K)
 Metaspace       used 91720K, committed 92480K, reserved 1130496K
  class space    used 12648K, committed 12992K, reserved 1048576K
}
Event: 16.410 GC heap after
{Heap after GC invocations=40 (full 0):
 garbage-first heap   total 191488K, used 139785K [0x0000000080000000, 0x0000000100000000)
  region size 1024K, 3 young (3072K), 3 survivors (3072K)
 Metaspace       used 91720K, committed 92480K, reserved 1130496K
  class space    used 12648K, committed 12992K, reserved 1048576K
}
Event: 16.489 GC heap before
{Heap before GC invocations=40 (full 0):
 garbage-first heap   total 191488K, used 146953K [0x0000000080000000, 0x0000000100000000)
  region size 1024K, 12 young (12288K), 3 survivors (3072K)
 Metaspace       used 92356K, committed 93184K, reserved 1130496K
  class space    used 12735K, committed 13120K, reserved 1048576K
}
Event: 16.492 GC heap after
{Heap after GC invocations=41 (full 0):
 garbage-first heap   total 291840K, used 140090K [0x0000000080000000, 0x0000000100000000)
  region size 1024K, 3 young (3072K), 3 survivors (3072K)
 Metaspace       used 92356K, committed 93184K, reserved 1130496K
  class space    used 12735K, committed 13120K, reserved 1048576K
}
Event: 17.449 GC heap before
{Heap before GC invocations=41 (full 0):
 garbage-first heap   total 291840K, used 242490K [0x0000000080000000, 0x0000000100000000)
  region size 1024K, 99 young (101376K), 3 survivors (3072K)
 Metaspace       used 92392K, committed 93184K, reserved 1130496K
  class space    used 12737K, committed 13120K, reserved 1048576K
}
Event: 17.464 GC heap after
{Heap after GC invocations=42 (full 0):
 garbage-first heap   total 291840K, used 159391K [0x0000000080000000, 0x0000000100000000)
  region size 1024K, 13 young (13312K), 13 survivors (13312K)
 Metaspace       used 92392K, committed 93184K, reserved 1130496K
  class space    used 12737K, committed 13120K, reserved 1048576K
}
Event: 18.550 GC heap before
{Heap before GC invocations=42 (full 0):
 garbage-first heap   total 291840K, used 224927K [0x0000000080000000, 0x0000000100000000)
  region size 1024K, 77 young (78848K), 13 survivors (13312K)
 Metaspace       used 92412K, committed 93184K, reserved 1130496K
  class space    used 12740K, committed 13120K, reserved 1048576K
}
Event: 18.561 GC heap after
{Heap after GC invocations=43 (full 0):
 garbage-first heap   total 291840K, used 164170K [0x0000000080000000, 0x0000000100000000)
  region size 1024K, 5 young (5120K), 5 survivors (5120K)
 Metaspace       used 92412K, committed 93184K, reserved 1130496K
  class space    used 12740K, committed 13120K, reserved 1048576K
}
Event: 19.848 GC heap before
{Heap before GC invocations=43 (full 0):
 garbage-first heap   total 291840K, used 231754K [0x0000000080000000, 0x0000000100000000)
  region size 1024K, 71 young (72704K), 5 survivors (5120K)
 Metaspace       used 92412K, committed 93184K, reserved 1130496K
  class space    used 12740K, committed 13120K, reserved 1048576K
}
Event: 19.852 GC heap after
{Heap after GC invocations=44 (full 0):
 garbage-first heap   total 291840K, used 166398K [0x0000000080000000, 0x0000000100000000)
  region size 1024K, 7 young (7168K), 7 survivors (7168K)
 Metaspace       used 92412K, committed 93184K, reserved 1130496K
  class space    used 12740K, committed 13120K, reserved 1048576K
}
Event: 20.878 GC heap before
{Heap before GC invocations=44 (full 0):
 garbage-first heap   total 291840K, used 237054K [0x0000000080000000, 0x0000000100000000)
  region size 1024K, 76 young (77824K), 7 survivors (7168K)
 Metaspace       used 92412K, committed 93184K, reserved 1130496K
  class space    used 12740K, committed 13120K, reserved 1048576K
}
Event: 20.883 GC heap after
{Heap after GC invocations=45 (full 0):
 garbage-first heap   total 291840K, used 170211K [0x0000000080000000, 0x0000000100000000)
  region size 1024K, 7 young (7168K), 7 survivors (7168K)
 Metaspace       used 92412K, committed 93184K, reserved 1130496K
  class space    used 12740K, committed 13120K, reserved 1048576K
}
Event: 21.257 GC heap before
{Heap before GC invocations=45 (full 0):
 garbage-first heap   total 291840K, used 207075K [0x0000000080000000, 0x0000000100000000)
  region size 1024K, 30 young (30720K), 7 survivors (7168K)
 Metaspace       used 92453K, committed 93248K, reserved 1130496K
  class space    used 12751K, committed 13120K, reserved 1048576K
}
Event: 21.262 GC heap after
{Heap after GC invocations=46 (full 0):
 garbage-first heap   total 291840K, used 185926K [0x0000000080000000, 0x0000000100000000)
  region size 1024K, 5 young (5120K), 5 survivors (5120K)
 Metaspace       used 92453K, committed 93248K, reserved 1130496K
  class space    used 12751K, committed 13120K, reserved 1048576K
}

