# JRE version: OpenJDK Runtime Environment (17.0.6) (build 17.0.6+0-b2043.56-10027231)
# Java VM: OpenJDK 64-Bit Server VM (17.0.6+0-b2043.56-10027231, mixed mode, tiered, compressed oops, compressed class ptrs, g1 gc, windows-amd64)
GC Precious Log:
 CPUs: 12 total, 12 available
 Memory: 8037M
 Large Page Support: Disabled
 NUMA Support: Disabled
 Compressed Oops: Enabled (32-bit)
 Heap Region Size: 1M
 Heap Min Capacity: 8M
 Heap Initial Capacity: 126M
 Heap Max Capacity: 2G
 Pre-touch: Disabled
 Parallel Workers: 10
 Concurrent Workers: 3
 Concurrent Refinement Workers: 10
 Periodic GC: Disabled
Heap:
 garbage-first heap   total 155648K, used 95550K [0x0000000080000000, 0x0000000100000000)
  region size 1024K, 3 young (3072K), 3 survivors (3072K)
 Metaspace       used 68369K, committed 69056K, reserved 1114112K
  class space    used 9166K, committed 9472K, reserved 1048576K
GC Heap History (20 events):
Event: 9.566 GC heap after
{Heap after GC invocations=23 (full 0):
 garbage-first heap   total 117760K, used 70475K [0x0000000080000000, 0x0000000100000000)
  region size 1024K, 4 young (4096K), 4 survivors (4096K)
 Metaspace       used 51918K, committed 52416K, reserved 1097728K
  class space    used 6946K, committed 7168K, reserved 1048576K
}
Event: 10.122 GC heap before
{Heap before GC invocations=24 (full 0):
 garbage-first heap   total 124928K, used 93003K [0x0000000080000000, 0x0000000100000000)
  region size 1024K, 26 young (26624K), 4 survivors (4096K)
 Metaspace       used 54829K, committed 55488K, reserved 1097728K
  class space    used 7417K, committed 7744K, reserved 1048576K
}
Event: 10.125 GC heap after
{Heap after GC invocations=25 (full 0):
 garbage-first heap   total 124928K, used 71466K [0x0000000080000000, 0x0000000100000000)
  region size 1024K, 2 young (2048K), 2 survivors (2048K)
 Metaspace       used 54829K, committed 55488K, reserved 1097728K
  class space    used 7417K, committed 7744K, reserved 1048576K
}
Event: 10.189 GC heap before
{Heap before GC invocations=25 (full 0):
 garbage-first heap   total 124928K, used 75562K [0x0000000080000000, 0x0000000100000000)
  region size 1024K, 6 young (6144K), 2 survivors (2048K)
 Metaspace       used 55142K, committed 55744K, reserved 1097728K
  class space    used 7462K, committed 7744K, reserved 1048576K
}
Event: 10.191 GC heap after
{Heap after GC invocations=26 (full 0):
 garbage-first heap   total 124928K, used 71960K [0x0000000080000000, 0x0000000100000000)
  region size 1024K, 1 young (1024K), 1 survivors (1024K)
 Metaspace       used 55142K, committed 55744K, reserved 1097728K
  class space    used 7462K, committed 7744K, reserved 1048576K
}
Event: 10.581 GC heap before
{Heap before GC invocations=26 (full 0):
 garbage-first heap   total 124928K, used 98584K [0x0000000080000000, 0x0000000100000000)
  region size 1024K, 28 young (28672K), 1 survivors (1024K)
 Metaspace       used 55926K, committed 56576K, reserved 1097728K
  class space    used 7550K, committed 7872K, reserved 1048576K
}
Event: 10.585 GC heap after
{Heap after GC invocations=27 (full 0):
 garbage-first heap   total 124928K, used 74168K [0x0000000080000000, 0x0000000100000000)
  region size 1024K, 3 young (3072K), 3 survivors (3072K)
 Metaspace       used 55926K, committed 56576K, reserved 1097728K
  class space    used 7550K, committed 7872K, reserved 1048576K
}
Event: 10.686 GC heap before
{Heap before GC invocations=28 (full 0):
 garbage-first heap   total 128000K, used 79288K [0x0000000080000000, 0x0000000100000000)
  region size 1024K, 10 young (10240K), 3 survivors (3072K)
 Metaspace       used 56003K, committed 56704K, reserved 1097728K
  class space    used 7550K, committed 7872K, reserved 1048576K
}
Event: 10.690 GC heap after
{Heap after GC invocations=29 (full 0):
 garbage-first heap   total 128000K, used 74764K [0x0000000080000000, 0x0000000100000000)
  region size 1024K, 1 young (1024K), 1 survivors (1024K)
 Metaspace       used 56003K, committed 56704K, reserved 1097728K
  class space    used 7550K, committed 7872K, reserved 1048576K
}
Event: 11.502 GC heap before
{Heap before GC invocations=30 (full 0):
 garbage-first heap   total 132096K, used 111628K [0x0000000080000000, 0x0000000100000000)
  region size 1024K, 28 young (28672K), 1 survivors (1024K)
 Metaspace       used 58542K, committed 59200K, reserved 1105920K
  class space    used 7912K, committed 8192K, reserved 1048576K
}
Event: 11.505 GC heap after
{Heap after GC invocations=31 (full 0):
 garbage-first heap   total 132096K, used 90750K [0x0000000080000000, 0x0000000100000000)
  region size 1024K, 4 young (4096K), 4 survivors (4096K)
 Metaspace       used 58542K, committed 59200K, reserved 1105920K
  class space    used 7912K, committed 8192K, reserved 1048576K
}
Event: 11.533 GC heap before
{Heap before GC invocations=31 (full 0):
 garbage-first heap   total 132096K, used 92798K [0x0000000080000000, 0x0000000100000000)
  region size 1024K, 6 young (6144K), 4 survivors (4096K)
 Metaspace       used 58839K, committed 59520K, reserved 1105920K
  class space    used 7951K, committed 8256K, reserved 1048576K
}
Event: 11.535 GC heap after
{Heap after GC invocations=32 (full 0):
 garbage-first heap   total 132096K, used 90189K [0x0000000080000000, 0x0000000100000000)
  region size 1024K, 1 young (1024K), 1 survivors (1024K)
 Metaspace       used 58839K, committed 59520K, reserved 1105920K
  class space    used 7951K, committed 8256K, reserved 1048576K
}
Event: 11.984 GC heap before
{Heap before GC invocations=32 (full 0):
 garbage-first heap   total 132096K, used 110669K [0x0000000080000000, 0x0000000100000000)
  region size 1024K, 21 young (21504K), 1 survivors (1024K)
 Metaspace       used 62076K, committed 62720K, reserved 1105920K
  class space    used 8314K, committed 8576K, reserved 1048576K
}
Event: 11.986 GC heap after
{Heap after GC invocations=33 (full 0):
 garbage-first heap   total 132096K, used 90832K [0x0000000080000000, 0x0000000100000000)
  region size 1024K, 1 young (1024K), 1 survivors (1024K)
 Metaspace       used 62076K, committed 62720K, reserved 1105920K
  class space    used 8314K, committed 8576K, reserved 1048576K
}
Event: 12.583 GC heap before
{Heap before GC invocations=34 (full 0):
 garbage-first heap   total 155648K, used 111312K [0x0000000080000000, 0x0000000100000000)
  region size 1024K, 21 young (21504K), 1 survivors (1024K)
 Metaspace       used 66247K, committed 67008K, reserved 1114112K
  class space    used 8882K, committed 9216K, reserved 1048576K
}
Event: 12.587 GC heap after
{Heap after GC invocations=35 (full 0):
 garbage-first heap   total 155648K, used 92400K [0x0000000080000000, 0x0000000100000000)
  region size 1024K, 3 young (3072K), 3 survivors (3072K)
 Metaspace       used 66247K, committed 67008K, reserved 1114112K
  class space    used 8882K, committed 9216K, reserved 1048576K
}
Event: 12.598 GC heap before
{Heap before GC invocations=35 (full 0):
 garbage-first heap   total 155648K, used 100592K [0x0000000080000000, 0x0000000100000000)
  region size 1024K, 7 young (7168K), 3 survivors (3072K)
 Metaspace       used 66250K, committed 67008K, reserved 1114112K
  class space    used 8884K, committed 9216K, reserved 1048576K
}
Event: 12.603 GC heap after
{Heap after GC invocations=36 (full 0):
 garbage-first heap   total 155648K, used 96683K [0x0000000080000000, 0x0000000100000000)
  region size 1024K, 1 young (1024K), 1 survivors (1024K)
 Metaspace       used 66250K, committed 67008K, reserved 1114112K
  class space    used 8884K, committed 9216K, reserved 1048576K
}
Event: 12.950 GC heap before
{Heap before GC invocations=36 (full 0):
 garbage-first heap   total 155648K, used 127403K [0x0000000080000000, 0x0000000100000000)
  region size 1024K, 29 young (29696K), 1 survivors (1024K)
 Metaspace       used 68369K, committed 69056K, reserved 1114112K
  class space    used 9166K, committed 9472K, reserved 1048576K
}

